2020-12-23 17:40:45.633  INFO 10604 --- [restartedMain] c.c.a.AddressBookSpringApplication       : Starting AddressBookSpringApplication using Java 15 on DESKTOP-QLPFQS8 with PID 10604 (F:\Capgemini_training1\java_eclipse\AddressBookSpring\target\classes started by acer in F:\Capgemini_training1\java_eclipse\AddressBookSpring)
2020-12-23 17:40:45.656 DEBUG 10604 --- [restartedMain] c.c.a.AddressBookSpringApplication       : Running with Spring Boot v2.4.1, Spring v5.3.2
2020-12-23 17:40:45.657  INFO 10604 --- [restartedMain] c.c.a.AddressBookSpringApplication       : No active profile set, falling back to default profiles: default
2020-12-23 17:40:48.436  WARN 10604 --- [restartedMain] JpaBaseConfiguration$JpaWebConfiguration : spring.jpa.open-in-view is enabled by default. Therefore, database queries may be performed during view rendering. Explicitly configure spring.jpa.open-in-view to disable this warning
2020-12-23 17:40:48.801  INFO 10604 --- [restartedMain] c.c.a.AddressBookSpringApplication       : Started AddressBookSpringApplication in 3.683 seconds (JVM running for 5.256)
2020-12-23 17:40:48.805  INFO 10604 --- [restartedMain] c.c.a.AddressBookSpringApplication       : AddreessBook App Started in null Environment
2020-12-23 17:44:09.897  WARN 10604 --- [RMI TCP Connection(12)-127.0.0.1] o.s.b.f.support.DisposableBeanAdapter    : Invocation of destroy method failed on bean with name 'inMemoryDatabaseShutdownExecutor': org.h2.jdbc.JdbcSQLNonTransientConnectionException: Database is already closed (to disable automatic closing at VM shutdown, add ";DB_CLOSE_ON_EXIT=FALSE" to the db URL) [90121-200]
2020-12-23 17:45:51.044  INFO 8684 --- [restartedMain] c.c.a.AddressBookSpringApplication       : Starting AddressBookSpringApplication using Java 15 on DESKTOP-QLPFQS8 with PID 8684 (F:\Capgemini_training1\java_eclipse\AddressBookSpring\target\classes started by acer in F:\Capgemini_training1\java_eclipse\AddressBookSpring)
2020-12-23 17:45:51.047 DEBUG 8684 --- [restartedMain] c.c.a.AddressBookSpringApplication       : Running with Spring Boot v2.4.1, Spring v5.3.2
2020-12-23 17:45:51.048  INFO 8684 --- [restartedMain] c.c.a.AddressBookSpringApplication       : No active profile set, falling back to default profiles: default
2020-12-23 17:45:53.766  WARN 8684 --- [restartedMain] JpaBaseConfiguration$JpaWebConfiguration : spring.jpa.open-in-view is enabled by default. Therefore, database queries may be performed during view rendering. Explicitly configure spring.jpa.open-in-view to disable this warning
2020-12-23 17:45:55.805  INFO 8684 --- [restartedMain] c.c.a.AddressBookSpringApplication       : Started AddressBookSpringApplication in 5.138 seconds (JVM running for 6.038)
2020-12-23 17:45:55.812  INFO 8684 --- [restartedMain] c.c.a.AddressBookSpringApplication       : Welcome to the address book
2020-12-23 17:59:41.736  WARN 8684 --- [RMI TCP Connection(21)-127.0.0.1] o.s.b.f.support.DisposableBeanAdapter    : Invocation of destroy method failed on bean with name 'inMemoryDatabaseShutdownExecutor': org.h2.jdbc.JdbcSQLNonTransientConnectionException: Database is already closed (to disable automatic closing at VM shutdown, add ";DB_CLOSE_ON_EXIT=FALSE" to the db URL) [90121-200]
2020-12-23 17:59:57.408  INFO 4400 --- [restartedMain] c.c.a.AddressBookSpringApplication       : Starting AddressBookSpringApplication using Java 15 on DESKTOP-QLPFQS8 with PID 4400 (F:\Capgemini_training1\java_eclipse\AddressBookSpring\target\classes started by acer in F:\Capgemini_training1\java_eclipse\AddressBookSpring)
2020-12-23 17:59:57.411 DEBUG 4400 --- [restartedMain] c.c.a.AddressBookSpringApplication       : Running with Spring Boot v2.4.1, Spring v5.3.2
2020-12-23 17:59:57.412  INFO 4400 --- [restartedMain] c.c.a.AddressBookSpringApplication       : No active profile set, falling back to default profiles: default
2020-12-23 17:59:59.718  WARN 4400 --- [restartedMain] JpaBaseConfiguration$JpaWebConfiguration : spring.jpa.open-in-view is enabled by default. Therefore, database queries may be performed during view rendering. Explicitly configure spring.jpa.open-in-view to disable this warning
2020-12-23 18:00:00.041  INFO 4400 --- [restartedMain] c.c.a.AddressBookSpringApplication       : Started AddressBookSpringApplication in 3.744 seconds (JVM running for 5.519)
2020-12-23 18:00:00.045  INFO 4400 --- [restartedMain] c.c.a.AddressBookSpringApplication       : AddressBook App Started in COMMON Environment
2020-12-23 18:02:17.012  WARN 4400 --- [RMI TCP Connection(11)-127.0.0.1] o.s.b.f.support.DisposableBeanAdapter    : Invocation of destroy method failed on bean with name 'inMemoryDatabaseShutdownExecutor': org.h2.jdbc.JdbcSQLNonTransientConnectionException: Database is already closed (to disable automatic closing at VM shutdown, add ";DB_CLOSE_ON_EXIT=FALSE" to the db URL) [90121-200]
